2019-03-31T05:25:12+00:00 CRITICAL Out of memory (allocated 50331648) (tried to allocate 200704 bytes) in E:\usbwebserver8.1\root\gato\wp-includes\wp-db.php on line 2521

2019-03-31T05:26:02+00:00 CRITICAL Out of memory (allocated 14680064) (tried to allocate 114688 bytes) in E:\usbwebserver8.1\root\gato\wp-includes\cache.php on line 652

2019-03-31T05:26:14+00:00 CRITICAL Out of memory (allocated 6291456) (tried to allocate 4096 bytes) in E:\usbwebserver8.1\root\gato\wp-includes\meta.php on line 916

2019-03-31T05:26:28+00:00 CRITICAL Out of memory (allocated 4194304) (tried to allocate 4096 bytes) in E:\usbwebserver8.1\root\gato\wp-includes\meta.php on line 916

2019-03-31T05:26:43+00:00 CRITICAL Out of memory (allocated 4194304) (tried to allocate 4096 bytes) in E:\usbwebserver8.1\root\gato\wp-includes\meta.php on line 916

2019-03-31T05:26:55+00:00 CRITICAL Out of memory (allocated 4194304) (tried to allocate 4096 bytes) in E:\usbwebserver8.1\root\gato\wp-includes\meta.php on line 916

2019-03-31T05:27:02+00:00 CRITICAL Out of memory (allocated 2097152) (tried to allocate 114688 bytes) in E:\usbwebserver8.1\root\gato\wp-includes\cache.php on line 652

2019-03-31T06:07:33+00:00 CRITICAL Maximum execution time of 60 seconds exceeded in E:\usbwebserver8.1\root\gato\wp-includes\Requests\Transport\fsockopen.php on line 246

2019-03-31T06:40:49+00:00 CRITICAL Out of memory (allocated 39845888) (tried to allocate 4096 bytes) in E:\usbwebserver8.1\root\gato\wp-includes\wp-db.php on line 1889

2019-03-31T06:40:51+00:00 CRITICAL Out of memory (allocated 20971520) (tried to allocate 4096 bytes) in E:\usbwebserver8.1\root\gato\wp-includes\meta.php on line 916

2019-03-31T06:40:52+00:00 CRITICAL Out of memory (allocated 12582912) (tried to allocate 598016 bytes) in E:\usbwebserver8.1\root\gato\wp-includes\wp-db.php on line 1924

2019-03-31T06:41:03+00:00 CRITICAL Out of memory (allocated 8388608) (tried to allocate 28672 bytes) in E:\usbwebserver8.1\root\gato\wp-includes\class-wp-customize-nav-menus.php on line 684

2019-03-31T06:41:05+00:00 CRITICAL Out of memory (allocated 6291456) (tried to allocate 114688 bytes) in E:\usbwebserver8.1\root\gato\wp-includes\class-wp-hook.php on line 77

2019-03-31T06:41:16+00:00 CRITICAL Out of memory (allocated 4194304) (tried to allocate 352256 bytes) in E:\usbwebserver8.1\root\gato\wp-includes\wp-db.php on line 1924

2019-03-31T06:41:24+00:00 CRITICAL Out of memory (allocated 4194304) (tried to allocate 4096 bytes) in E:\usbwebserver8.1\root\gato\wp-includes\meta.php on line 916

2019-03-31T06:41:26+00:00 CRITICAL Out of memory (allocated 4194304) (tried to allocate 352256 bytes) in E:\usbwebserver8.1\root\gato\wp-includes\wp-db.php on line 1924

2019-03-31T06:41:26+00:00 CRITICAL Out of memory (allocated 2097152) (tried to allocate 4096 bytes) in E:\usbwebserver8.1\root\gato\wp-includes\meta.php on line 916

2019-03-31T06:41:27+00:00 CRITICAL Out of memory (allocated 4194304) (tried to allocate 4096 bytes) in E:\usbwebserver8.1\root\gato\wp-includes\meta.php on line 916

2019-03-31T06:41:28+00:00 CRITICAL Out of memory (allocated 2097152) (tried to allocate 114688 bytes) in E:\usbwebserver8.1\root\gato\wp-content\plugins\woocommerce\includes\admin\class-wc-admin-assets.php on line 282

2019-03-31T06:41:28+00:00 CRITICAL Out of memory (allocated 2097152) (tried to allocate 114688 bytes) in E:\usbwebserver8.1\root\gato\wp-content\plugins\woocommerce\includes\admin\class-wc-admin-assets.php on line 282

2019-03-31T06:41:29+00:00 CRITICAL Out of memory (allocated 2097152) (tried to allocate 4096 bytes) in E:\usbwebserver8.1\root\gato\wp-includes\meta.php on line 916

2019-03-31T06:41:30+00:00 CRITICAL Out of memory (allocated 2097152) (tried to allocate 114688 bytes) in E:\usbwebserver8.1\root\gato\wp-content\plugins\woocommerce\includes\admin\class-wc-admin-assets.php on line 282

2019-03-31T06:41:39+00:00 CRITICAL Out of memory (allocated 2097152) (tried to allocate 114688 bytes) in E:\usbwebserver8.1\root\gato\wp-content\plugins\woocommerce\includes\admin\class-wc-admin-assets.php on line 282

2019-03-31T06:41:41+00:00 CRITICAL Out of memory (allocated 2097152) (tried to allocate 114688 bytes) in E:\usbwebserver8.1\root\gato\wp-content\plugins\woocommerce\includes\admin\class-wc-admin-assets.php on line 282

2019-03-31T06:41:47+00:00 CRITICAL Out of memory (allocated 2097152) (tried to allocate 114688 bytes) in E:\usbwebserver8.1\root\gato\wp-content\plugins\woocommerce\includes\admin\class-wc-admin-assets.php on line 282

2019-03-31T06:41:54+00:00 CRITICAL Out of memory (allocated 2097152) (tried to allocate 114688 bytes) in E:\usbwebserver8.1\root\gato\wp-content\plugins\woocommerce\includes\admin\class-wc-admin-assets.php on line 282

2019-03-31T06:41:55+00:00 CRITICAL Out of memory (allocated 2097152) (tried to allocate 114688 bytes) in E:\usbwebserver8.1\root\gato\wp-content\plugins\woocommerce\includes\admin\class-wc-admin-assets.php on line 282

2019-03-31T06:41:57+00:00 CRITICAL Out of memory (allocated 2097152) (tried to allocate 114688 bytes) in E:\usbwebserver8.1\root\gato\wp-content\plugins\woocommerce\includes\admin\class-wc-admin-assets.php on line 282

2019-03-31T06:42:02+00:00 CRITICAL Out of memory (allocated 2097152) (tried to allocate 114688 bytes) in E:\usbwebserver8.1\root\gato\wp-content\plugins\woocommerce\includes\admin\class-wc-admin-assets.php on line 282

2019-03-31T06:42:04+00:00 CRITICAL Out of memory (allocated 2097152) (tried to allocate 114688 bytes) in E:\usbwebserver8.1\root\gato\wp-content\plugins\woocommerce\includes\admin\class-wc-admin-assets.php on line 282

2019-03-31T06:42:05+00:00 CRITICAL Out of memory (allocated 2097152) (tried to allocate 114688 bytes) in E:\usbwebserver8.1\root\gato\wp-content\plugins\woocommerce\includes\admin\class-wc-admin-assets.php on line 282

2019-03-31T06:42:06+00:00 CRITICAL Out of memory (allocated 2097152) (tried to allocate 114688 bytes) in E:\usbwebserver8.1\root\gato\wp-content\plugins\woocommerce\includes\admin\class-wc-admin-assets.php on line 282

2019-03-31T06:42:07+00:00 CRITICAL Out of memory (allocated 2097152) (tried to allocate 114688 bytes) in E:\usbwebserver8.1\root\gato\wp-content\plugins\woocommerce\includes\admin\class-wc-admin-assets.php on line 282

2019-03-31T06:42:08+00:00 CRITICAL Out of memory (allocated 2097152) (tried to allocate 114688 bytes) in E:\usbwebserver8.1\root\gato\wp-content\plugins\woocommerce\includes\admin\class-wc-admin-assets.php on line 282

2019-03-31T06:42:10+00:00 CRITICAL Out of memory (allocated 2097152) (tried to allocate 114688 bytes) in E:\usbwebserver8.1\root\gato\wp-content\plugins\woocommerce\includes\admin\class-wc-admin-assets.php on line 282

2019-03-31T06:48:14+00:00 CRITICAL Out of memory (allocated 83886080) (tried to allocate 4096 bytes) in E:\usbwebserver8.1\root\gato\wp-includes\cache.php on line 650

2019-03-31T06:48:14+00:00 CRITICAL Out of memory (allocated 4194304) (tried to allocate 4096 bytes) in E:\usbwebserver8.1\root\gato\wp-includes\meta.php on line 916

2019-03-31T06:48:14+00:00 CRITICAL Out of memory (allocated 67108864) (tried to allocate 225280 bytes) in E:\usbwebserver8.1\root\gato\wp-includes\wp-db.php on line 1924

2019-03-31T06:48:14+00:00 CRITICAL Out of memory (allocated 96468992) (tried to allocate 352256 bytes) in E:\usbwebserver8.1\root\gato\wp-includes\wp-db.php on line 1924

2019-03-31T06:48:18+00:00 CRITICAL Out of memory (allocated 56623104) (tried to allocate 8192 bytes) in E:\usbwebserver8.1\root\gato\wp-admin\includes\post.php on line 1846

2019-03-31T06:48:18+00:00 CRITICAL Out of memory (allocated 71303168) (tried to allocate 102400 bytes) in E:\usbwebserver8.1\root\gato\wp-includes\wp-db.php on line 1890

2019-03-31T06:48:20+00:00 CRITICAL Out of memory (allocated 25165824) (tried to allocate 102400 bytes) in E:\usbwebserver8.1\root\gato\wp-includes\wp-db.php on line 1890

2019-03-31T06:48:21+00:00 CRITICAL Out of memory (allocated 4194304) (tried to allocate 4096 bytes) in E:\usbwebserver8.1\root\gato\wp-includes\meta.php on line 916

2019-03-31T06:48:22+00:00 CRITICAL Out of memory (allocated 50331648) (tried to allocate 245760 bytes) in E:\usbwebserver8.1\root\gato\wp-includes\wp-db.php on line 1924

2019-03-31T06:48:24+00:00 CRITICAL Out of memory (allocated 25165824) (tried to allocate 307200 bytes) in E:\usbwebserver8.1\root\gato\wp-includes\wp-db.php on line 1924

2019-03-31T06:48:29+00:00 CRITICAL Out of memory (allocated 29360128) (tried to allocate 352256 bytes) in E:\usbwebserver8.1\root\gato\wp-includes\wp-db.php on line 1924

2019-03-31T06:48:31+00:00 CRITICAL Out of memory (allocated 35651584) (tried to allocate 32768 bytes) in E:\usbwebserver8.1\root\gato\wp-content\themes\depot\includes\nav-menu\mkd-menu.php on line 1

2019-03-31T06:48:32+00:00 CRITICAL Out of memory (allocated 4194304) (tried to allocate 307200 bytes) in E:\usbwebserver8.1\root\gato\wp-includes\wp-db.php on line 1924

2019-03-31T06:48:32+00:00 CRITICAL Out of memory (allocated 10485760) (tried to allocate 352256 bytes) in E:\usbwebserver8.1\root\gato\wp-includes\wp-db.php on line 1924

2019-03-31T06:48:34+00:00 CRITICAL Out of memory (allocated 2097152) (tried to allocate 245760 bytes) in E:\usbwebserver8.1\root\gato\wp-includes\wp-db.php on line 1924

2019-03-31T06:48:39+00:00 CRITICAL Out of memory (allocated 2097152) (tried to allocate 352256 bytes) in E:\usbwebserver8.1\root\gato\wp-includes\wp-db.php on line 1924

2019-03-31T06:48:39+00:00 CRITICAL Out of memory (allocated 4194304) (tried to allocate 4096 bytes) in E:\usbwebserver8.1\root\gato\wp-includes\formatting.php on line 230

2019-03-31T06:48:39+00:00 CRITICAL Out of memory (allocated 2097152) (tried to allocate 200704 bytes) in E:\usbwebserver8.1\root\gato\wp-includes\wp-db.php on line 1890

2019-03-31T06:48:41+00:00 CRITICAL Out of memory (allocated 4194304) (tried to allocate 4096 bytes) in E:\usbwebserver8.1\root\gato\wp-includes\meta.php on line 916

2019-03-31T06:48:45+00:00 CRITICAL Out of memory (allocated 4194304) (tried to allocate 4096 bytes) in E:\usbwebserver8.1\root\gato\wp-includes\meta.php on line 916

2019-03-31T06:48:47+00:00 CRITICAL Out of memory (allocated 4194304) (tried to allocate 4096 bytes) in E:\usbwebserver8.1\root\gato\wp-includes\meta.php on line 916

2019-03-31T06:48:53+00:00 CRITICAL Out of memory (allocated 4194304) (tried to allocate 4096 bytes) in E:\usbwebserver8.1\root\gato\wp-includes\meta.php on line 916

2019-03-31T06:48:59+00:00 CRITICAL Out of memory (allocated 2097152) (tried to allocate 4096 bytes) in E:\usbwebserver8.1\root\gato\wp-includes\meta.php on line 916

2019-03-31T06:49:14+00:00 CRITICAL Out of memory (allocated 2097152) (tried to allocate 4096 bytes) in E:\usbwebserver8.1\root\gato\wp-includes\meta.php on line 916

2019-03-31T06:49:20+00:00 CRITICAL Out of memory (allocated 2097152) (tried to allocate 4096 bytes) in E:\usbwebserver8.1\root\gato\wp-includes\meta.php on line 916

2019-03-31T06:49:28+00:00 CRITICAL Out of memory (allocated 2097152) (tried to allocate 4096 bytes) in E:\usbwebserver8.1\root\gato\wp-includes\wp-db.php on line 1889

2019-03-31T06:49:30+00:00 CRITICAL Out of memory (allocated 2097152) (tried to allocate 4096 bytes) in E:\usbwebserver8.1\root\gato\wp-includes\meta.php on line 916

2019-03-31T06:49:38+00:00 CRITICAL Out of memory (allocated 2097152) (tried to allocate 4096 bytes) in E:\usbwebserver8.1\root\gato\wp-includes\meta.php on line 916

2019-03-31T06:50:51+00:00 CRITICAL Out of memory (allocated 67108864) (tried to allocate 4096 bytes) in E:\usbwebserver8.1\root\gato\wp-includes\meta.php on line 916

